# JRE version: OpenJDK Runtime Environment (17.0.20.1+1) (build 17.0.20.1+1-1-deb12u1-Debian)
# Java VM: OpenJDK 64-Bit Server VM (17.0.20.1+1-1-deb12u1-Debian, mixed mode, sharing, tiered, compressed oops, compressed class ptrs, serial gc, linux-amd64)
GC Precious Log:
 CPUs: 2 total, 2 available
 Memory: 1024M
 Large Page Support: Disabled
 NUMA Support: Disabled
 Compressed Oops: Enabled (32-bit)
 Heap Min Capacity: 8M
 Heap Initial Capacity: 16M
 Heap Max Capacity: 600M
 Pre-touch: Disabled
Heap:
 def new generation   total 78272K, used 45523K [0x00000000da800000, 0x00000000dfce0000, 0x00000000e7000000)
  eden space 69632K,  56% used [0x00000000da800000, 0x00000000dce7e4a0, 0x00000000dec00000)
  from space 8640K,  70% used [0x00000000df470000, 0x00000000dfa669b0, 0x00000000dfce0000)
  to   space 8640K,   0% used [0x00000000dec00000, 0x00000000dec00000, 0x00000000df470000)
 tenured generation   total 173456K, used 158844K [0x00000000e7000000, 0x00000000f1964000, 0x0000000100000000)
   the space 173456K,  91% used [0x00000000e7000000, 0x00000000f0b1f050, 0x00000000f0b1f200, 0x00000000f1964000)
 Metaspace       used 153795K, committed 154752K, reserved 458752K
  class space    used 19976K, committed 20480K, reserved 262144K
GC Heap History (20 events):
Event: 74.563 GC heap before
{Heap before GC invocations=135 (full 6):
 def new generation   total 78272K, used 73292K [0x00000000da800000, 0x00000000dfce0000, 0x00000000e7000000)
  eden space 69632K, 100% used [0x00000000da800000, 0x00000000dec00000, 0x00000000dec00000)
  from space 8640K,  42% used [0x00000000df470000, 0x00000000df803288, 0x00000000dfce0000)
  to   space 8640K,   0% used [0x00000000dec00000, 0x00000000dec00000, 0x00000000df470000)
 tenured generation   total 173456K, used 134273K [0x00000000e7000000, 0x00000000f1964000, 0x0000000100000000)
   the space 173456K,  77% used [0x00000000e7000000, 0x00000000ef3204a0, 0x00000000ef320600, 0x00000000f1964000)
 Metaspace       used 114543K, committed 115392K, reserved 393216K
  class space    used 15070K, committed 15488K, reserved 262144K
}
Event: 74.572 GC heap after
{Heap after GC invocations=136 (full 6):
 def new generation   total 78272K, used 4482K [0x00000000da800000, 0x00000000dfce0000, 0x00000000e7000000)
  eden space 69632K,   0% used [0x00000000da800000, 0x00000000da800000, 0x00000000dec00000)
  from space 8640K,  51% used [0x00000000dec00000, 0x00000000df060b68, 0x00000000df470000)
  to   space 8640K,   0% used [0x00000000df470000, 0x00000000df470000, 0x00000000dfce0000)
 tenured generation   total 173456K, used 134273K [0x00000000e7000000, 0x00000000f1964000, 0x0000000100000000)
   the space 173456K,  77% used [0x00000000e7000000, 0x00000000ef3204a0, 0x00000000ef320600, 0x00000000f1964000)
 Metaspace       used 114543K, committed 115392K, reserved 393216K
  class space    used 15070K, committed 15488K, reserved 262144K
}
Event: 75.104 GC heap before
{Heap before GC invocations=136 (full 6):
 def new generation   total 78272K, used 74114K [0x00000000da800000, 0x00000000dfce0000, 0x00000000e7000000)
  eden space 69632K, 100% used [0x00000000da800000, 0x00000000dec00000, 0x00000000dec00000)
  from space 8640K,  51% used [0x00000000dec00000, 0x00000000df060b68, 0x00000000df470000)
  to   space 8640K,   0% used [0x00000000df470000, 0x00000000df470000, 0x00000000dfce0000)
 tenured generation   total 173456K, used 134273K [0x00000000e7000000, 0x00000000f1964000, 0x0000000100000000)
   the space 173456K,  77% used [0x00000000e7000000, 0x00000000ef3204a0, 0x00000000ef320600, 0x00000000f1964000)
 Metaspace       used 114543K, committed 115392K, reserved 393216K
  class space    used 15070K, committed 15488K, reserved 262144K
}
Event: 75.163 GC heap after
{Heap after GC invocations=137 (full 6):
 def new generation   total 78272K, used 4301K [0x00000000da800000, 0x00000000dfce0000, 0x00000000e7000000)
  eden space 69632K,   0% used [0x00000000da800000, 0x00000000da800000, 0x00000000dec00000)
  from space 8640K,  49% used [0x00000000df470000, 0x00000000df8a3518, 0x00000000dfce0000)
  to   space 8640K,   0% used [0x00000000dec00000, 0x00000000dec00000, 0x00000000df470000)
 tenured generation   total 173456K, used 135186K [0x00000000e7000000, 0x00000000f1964000, 0x0000000100000000)
   the space 173456K,  77% used [0x00000000e7000000, 0x00000000ef404af8, 0x00000000ef404c00, 0x00000000f1964000)
 Metaspace       used 114543K, committed 115392K, reserved 393216K
  class space    used 15070K, committed 15488K, reserved 262144K
}
Event: 75.656 GC heap before
{Heap before GC invocations=137 (full 6):
 def new generation   total 78272K, used 73933K [0x00000000da800000, 0x00000000dfce0000, 0x00000000e7000000)
  eden space 69632K, 100% used [0x00000000da800000, 0x00000000dec00000, 0x00000000dec00000)
  from space 8640K,  49% used [0x00000000df470000, 0x00000000df8a3518, 0x00000000dfce0000)
  to   space 8640K,   0% used [0x00000000dec00000, 0x00000000dec00000, 0x00000000df470000)
 tenured generation   total 173456K, used 135186K [0x00000000e7000000, 0x00000000f1964000, 0x0000000100000000)
   the space 173456K,  77% used [0x00000000e7000000, 0x00000000ef404af8, 0x00000000ef404c00, 0x00000000f1964000)
 Metaspace       used 114543K, committed 115392K, reserved 393216K
  class space    used 15070K, committed 15488K, reserved 262144K
}
Event: 75.664 GC heap after
{Heap after GC invocations=138 (full 6):
 def new generation   total 78272K, used 5078K [0x00000000da800000, 0x00000000dfce0000, 0x00000000e7000000)
  eden space 69632K,   0% used [0x00000000da800000, 0x00000000da800000, 0x00000000dec00000)
  from space 8640K,  58% used [0x00000000dec00000, 0x00000000df0f5958, 0x00000000df470000)
  to   space 8640K,   0% used [0x00000000df470000, 0x00000000df470000, 0x00000000dfce0000)
 tenured generation   total 173456K, used 135186K [0x00000000e7000000, 0x00000000f1964000, 0x0000000100000000)
   the space 173456K,  77% used [0x00000000e7000000, 0x00000000ef404af8, 0x00000000ef404c00, 0x00000000f1964000)
 Metaspace       used 114543K, committed 115392K, reserved 393216K
  class space    used 15070K, committed 15488K, reserved 262144K
}
Event: 76.168 GC heap before
{Heap before GC invocations=138 (full 6):
 def new generation   total 78272K, used 74710K [0x00000000da800000, 0x00000000dfce0000, 0x00000000e7000000)
  eden space 69632K, 100% used [0x00000000da800000, 0x00000000dec00000, 0x00000000dec00000)
  from space 8640K,  58% used [0x00000000dec00000, 0x00000000df0f5958, 0x00000000df470000)
  to   space 8640K,   0% used [0x00000000df470000, 0x00000000df470000, 0x00000000dfce0000)
 tenured generation   total 173456K, used 135186K [0x00000000e7000000, 0x00000000f1964000, 0x0000000100000000)
   the space 173456K,  77% used [0x00000000e7000000, 0x00000000ef404af8, 0x00000000ef404c00, 0x00000000f1964000)
 Metaspace       used 114543K, committed 115392K, reserved 393216K
  class space    used 15070K, committed 15488K, reserved 262144K
}
Event: 76.178 GC heap after
{Heap after GC invocations=139 (full 6):
 def new generation   total 78272K, used 4864K [0x00000000da800000, 0x00000000dfce0000, 0x00000000e7000000)
  eden space 69632K,   0% used [0x00000000da800000, 0x00000000da800000, 0x00000000dec00000)
  from space 8640K,  56% used [0x00000000df470000, 0x00000000df9303c8, 0x00000000dfce0000)
  to   space 8640K,   0% used [0x00000000dec00000, 0x00000000dec00000, 0x00000000df470000)
 tenured generation   total 173456K, used 136136K [0x00000000e7000000, 0x00000000f1964000, 0x0000000100000000)
   the space 173456K,  78% used [0x00000000e7000000, 0x00000000ef4f2158, 0x00000000ef4f2200, 0x00000000f1964000)
 Metaspace       used 114543K, committed 115392K, reserved 393216K
  class space    used 15070K, committed 15488K, reserved 262144K
}
Event: 76.659 GC heap before
{Heap before GC invocations=139 (full 6):
 def new generation   total 78272K, used 74496K [0x00000000da800000, 0x00000000dfce0000, 0x00000000e7000000)
  eden space 69632K, 100% used [0x00000000da800000, 0x00000000dec00000, 0x00000000dec00000)
  from space 8640K,  56% used [0x00000000df470000, 0x00000000df9303c8, 0x00000000dfce0000)
  to   space 8640K,   0% used [0x00000000dec00000, 0x00000000dec00000, 0x00000000df470000)
 tenured generation   total 173456K, used 136136K [0x00000000e7000000, 0x00000000f1964000, 0x0000000100000000)
   the space 173456K,  78% used [0x00000000e7000000, 0x00000000ef4f2158, 0x00000000ef4f2200, 0x00000000f1964000)
 Metaspace       used 114543K, committed 115392K, reserved 393216K
  class space    used 15070K, committed 15488K, reserved 262144K
}
Event: 76.668 GC heap after
{Heap after GC invocations=140 (full 6):
 def new generation   total 78272K, used 4733K [0x00000000da800000, 0x00000000dfce0000, 0x00000000e7000000)
  eden space 69632K,   0% used [0x00000000da800000, 0x00000000da800000, 0x00000000dec00000)
  from space 8640K,  54% used [0x00000000dec00000, 0x00000000df09f5d0, 0x00000000df470000)
  to   space 8640K,   0% used [0x00000000df470000, 0x00000000df470000, 0x00000000dfce0000)
 tenured generation   total 173456K, used 137047K [0x00000000e7000000, 0x00000000f1964000, 0x0000000100000000)
   the space 173456K,  79% used [0x00000000e7000000, 0x00000000ef5d5f60, 0x00000000ef5d6000, 0x00000000f1964000)
 Metaspace       used 114543K, committed 115392K, reserved 393216K
  class space    used 15070K, committed 15488K, reserved 262144K
}
Event: 76.951 GC heap before
{Heap before GC invocations=140 (full 6):
 def new generation   total 78272K, used 74365K [0x00000000da800000, 0x00000000dfce0000, 0x00000000e7000000)
  eden space 69632K, 100% used [0x00000000da800000, 0x00000000dec00000, 0x00000000dec00000)
  from space 8640K,  54% used [0x00000000dec00000, 0x00000000df09f5d0, 0x00000000df470000)
  to   space 8640K,   0% used [0x00000000df470000, 0x00000000df470000, 0x00000000dfce0000)
 tenured generation   total 173456K, used 137047K [0x00000000e7000000, 0x00000000f1964000, 0x0000000100000000)
   the space 173456K,  79% used [0x00000000e7000000, 0x00000000ef5d5f60, 0x00000000ef5d6000, 0x00000000f1964000)
 Metaspace       used 114543K, committed 115392K, reserved 393216K
  class space    used 15070K, committed 15488K, reserved 262144K
}
Event: 76.958 GC heap after
{Heap after GC invocations=141 (full 6):
 def new generation   total 78272K, used 46K [0x00000000da800000, 0x00000000dfce0000, 0x00000000e7000000)
  eden space 69632K,   0% used [0x00000000da800000, 0x00000000da800000, 0x00000000dec00000)
  from space 8640K,   0% used [0x00000000df470000, 0x00000000df47b930, 0x00000000dfce0000)
  to   space 8640K,   0% used [0x00000000dec00000, 0x00000000dec00000, 0x00000000df470000)
 tenured generation   total 173456K, used 137589K [0x00000000e7000000, 0x00000000f1964000, 0x0000000100000000)
   the space 173456K,  79% used [0x00000000e7000000, 0x00000000ef65d7d0, 0x00000000ef65d800, 0x00000000f1964000)
 Metaspace       used 114543K, committed 115392K, reserved 393216K
  class space    used 15070K, committed 15488K, reserved 262144K
}
Event: 78.582 GC heap before
{Heap before GC invocations=141 (full 6):
 def new generation   total 78272K, used 69678K [0x00000000da800000, 0x00000000dfce0000, 0x00000000e7000000)
  eden space 69632K, 100% used [0x00000000da800000, 0x00000000dec00000, 0x00000000dec00000)
  from space 8640K,   0% used [0x00000000df470000, 0x00000000df47b930, 0x00000000dfce0000)
  to   space 8640K,   0% used [0x00000000dec00000, 0x00000000dec00000, 0x00000000df470000)
 tenured generation   total 173456K, used 137589K [0x00000000e7000000, 0x00000000f1964000, 0x0000000100000000)
   the space 173456K,  79% used [0x00000000e7000000, 0x00000000ef65d7d0, 0x00000000ef65d800, 0x00000000f1964000)
 Metaspace       used 119319K, committed 120128K, reserved 393216K
  class space    used 15522K, committed 15936K, reserved 262144K
}
Event: 78.596 GC heap after
{Heap after GC invocations=142 (full 6):
 def new generation   total 78272K, used 3642K [0x00000000da800000, 0x00000000dfce0000, 0x00000000e7000000)
  eden space 69632K,   0% used [0x00000000da800000, 0x00000000da800000, 0x00000000dec00000)
  from space 8640K,  42% used [0x00000000dec00000, 0x00000000def8e898, 0x00000000df470000)
  to   space 8640K,   0% used [0x00000000df470000, 0x00000000df470000, 0x00000000dfce0000)
 tenured generation   total 173456K, used 137589K [0x00000000e7000000, 0x00000000f1964000, 0x0000000100000000)
   the space 173456K,  79% used [0x00000000e7000000, 0x00000000ef65d7d0, 0x00000000ef65d800, 0x00000000f1964000)
 Metaspace       used 119319K, committed 120128K, reserved 393216K
  class space    used 15522K, committed 15936K, reserved 262144K
}
Event: 79.718 GC heap before
{Heap before GC invocations=142 (full 6):
 def new generation   total 78272K, used 73274K [0x00000000da800000, 0x00000000dfce0000, 0x00000000e7000000)
  eden space 69632K, 100% used [0x00000000da800000, 0x00000000dec00000, 0x00000000dec00000)
  from space 8640K,  42% used [0x00000000dec00000, 0x00000000def8e898, 0x00000000df470000)
  to   space 8640K,   0% used [0x00000000df470000, 0x00000000df470000, 0x00000000dfce0000)
 tenured generation   total 173456K, used 137589K [0x00000000e7000000, 0x00000000f1964000, 0x0000000100000000)
   the space 173456K,  79% used [0x00000000e7000000, 0x00000000ef65d7d0, 0x00000000ef65d800, 0x00000000f1964000)
 Metaspace       used 132465K, committed 133440K, reserved 393216K
  class space    used 17197K, committed 17664K, reserved 262144K
}
Event: 79.777 GC heap after
{Heap after GC invocations=143 (full 6):
 def new generation   total 78272K, used 8640K [0x00000000da800000, 0x00000000dfce0000, 0x00000000e7000000)
  eden space 69632K,   0% used [0x00000000da800000, 0x00000000da800000, 0x00000000dec00000)
  from space 8640K, 100% used [0x00000000df470000, 0x00000000dfce0000, 0x00000000dfce0000)
  to   space 8640K,   0% used [0x00000000dec00000, 0x00000000dec00000, 0x00000000df470000)
 tenured generation   total 173456K, used 138309K [0x00000000e7000000, 0x00000000f1964000, 0x0000000100000000)
   the space 173456K,  79% used [0x00000000e7000000, 0x00000000ef711408, 0x00000000ef711600, 0x00000000f1964000)
 Metaspace       used 132465K, committed 133440K, reserved 393216K
  class space    used 17197K, committed 17664K, reserved 262144K
}
Event: 81.179 GC heap before
{Heap before GC invocations=143 (full 6):
 def new generation   total 78272K, used 78272K [0x00000000da800000, 0x00000000dfce0000, 0x00000000e7000000)
  eden space 69632K, 100% used [0x00000000da800000, 0x00000000dec00000, 0x00000000dec00000)
  from space 8640K, 100% used [0x00000000df470000, 0x00000000dfce0000, 0x00000000dfce0000)
  to   space 8640K,   0% used [0x00000000dec00000, 0x00000000dec00000, 0x00000000df470000)
 tenured generation   total 173456K, used 138309K [0x00000000e7000000, 0x00000000f1964000, 0x0000000100000000)
   the space 173456K,  79% used [0x00000000e7000000, 0x00000000ef711408, 0x00000000ef711600, 0x00000000f1964000)
 Metaspace       used 141465K, committed 142336K, reserved 393216K
  class space    used 18721K, committed 19136K, reserved 262144K
}
Event: 81.227 GC heap after
{Heap after GC invocations=144 (full 6):
 def new generation   total 78272K, used 8639K [0x00000000da800000, 0x00000000dfce0000, 0x00000000e7000000)
  eden space 69632K,   0% used [0x00000000da800000, 0x00000000da800000, 0x00000000dec00000)
  from space 8640K,  99% used [0x00000000dec00000, 0x00000000df46fff8, 0x00000000df470000)
  to   space 8640K,   0% used [0x00000000df470000, 0x00000000df470000, 0x00000000dfce0000)
 tenured generation   total 173456K, used 150220K [0x00000000e7000000, 0x00000000f1964000, 0x0000000100000000)
   the space 173456K,  86% used [0x00000000e7000000, 0x00000000f02b3338, 0x00000000f02b3400, 0x00000000f1964000)
 Metaspace       used 141465K, committed 142336K, reserved 393216K
  class space    used 18721K, committed 19136K, reserved 262144K
}
Event: 83.487 GC heap before
{Heap before GC invocations=144 (full 6):
 def new generation   total 78272K, used 78271K [0x00000000da800000, 0x00000000dfce0000, 0x00000000e7000000)
  eden space 69632K, 100% used [0x00000000da800000, 0x00000000dec00000, 0x00000000dec00000)
  from space 8640K,  99% used [0x00000000dec00000, 0x00000000df46fff8, 0x00000000df470000)
  to   space 8640K,   0% used [0x00000000df470000, 0x00000000df470000, 0x00000000dfce0000)
 tenured generation   total 173456K, used 150220K [0x00000000e7000000, 0x00000000f1964000, 0x0000000100000000)
   the space 173456K,  86% used [0x00000000e7000000, 0x00000000f02b3338, 0x00000000f02b3400, 0x00000000f1964000)
 Metaspace       used 152567K, committed 153536K, reserved 458752K
  class space    used 19865K, committed 20352K, reserved 262144K
}
Event: 83.592 GC heap after
{Heap after GC invocations=145 (full 6):
 def new generation   total 78272K, used 6106K [0x00000000da800000, 0x00000000dfce0000, 0x00000000e7000000)
  eden space 69632K,   0% used [0x00000000da800000, 0x00000000da800000, 0x00000000dec00000)
  from space 8640K,  70% used [0x00000000df470000, 0x00000000dfa669b0, 0x00000000dfce0000)
  to   space 8640K,   0% used [0x00000000dec00000, 0x00000000dec00000, 0x00000000df470000)
 tenured generation   total 173456K, used 158844K [0x00000000e7000000, 0x00000000f1964000, 0x0000000100000000)
   the space 173456K,  91% used [0x00000000e7000000, 0x00000000f0b1f050, 0x00000000f0b1f200, 0x00000000f1964000)
 Metaspace       used 152567K, committed 153536K, reserved 458752K
  class space    used 19865K, committed 20352K, reserved 262144K
}

