# JRE version: OpenJDK Runtime Environment (17.0.20.1+1) (build 17.0.20.1+1-1-deb12u1-Debian)
# Java VM: OpenJDK 64-Bit Server VM (17.0.20.1+1-1-deb12u1-Debian, mixed mode, sharing, tiered, compressed oops, compressed class ptrs, serial gc, linux-amd64)
GC Precious Log:
 CPUs: 2 total, 2 available
 Memory: 1024M
 Large Page Support: Disabled
 NUMA Support: Disabled
 Compressed Oops: Enabled (32-bit)
 Heap Min Capacity: 8M
 Heap Initial Capacity: 16M
 Heap Max Capacity: 2G
 Pre-touch: Disabled
Heap:
 def new generation   total 99008K, used 12764K [0x0000000080000000, 0x0000000086b60000, 0x00000000aaaa0000)
  eden space 88064K,   2% used [0x0000000080000000, 0x00000000801c70f8, 0x0000000085600000)
  from space 10944K, 100% used [0x00000000860b0000, 0x0000000086b60000, 0x0000000086b60000)
  to   space 10944K,   0% used [0x0000000085600000, 0x0000000085600000, 0x00000000860b0000)
 tenured generation   total 219488K, used 199751K [0x00000000aaaa0000, 0x00000000b80f8000, 0x0000000100000000)
   the space 219488K,  91% used [0x00000000aaaa0000, 0x00000000b6db1cb8, 0x00000000b6db1e00, 0x00000000b80f8000)
 Metaspace       used 128261K, committed 128896K, reserved 1179648K
  class space    used 16093K, committed 16384K, reserved 1048576K
GC Heap History (20 events):
Event: 116.138 GC heap before
{Heap before GC invocations=237 (full 8):
 def new generation   total 99008K, used 94203K [0x0000000080000000, 0x0000000086b60000, 0x00000000aaaa0000)
  eden space 88064K, 100% used [0x0000000080000000, 0x0000000085600000, 0x0000000085600000)
  from space 10944K,  56% used [0x00000000860b0000, 0x00000000866aec58, 0x0000000086b60000)
  to   space 10944K,   0% used [0x0000000085600000, 0x0000000085600000, 0x00000000860b0000)
 tenured generation   total 219488K, used 182173K [0x00000000aaaa0000, 0x00000000b80f8000, 0x0000000100000000)
   the space 219488K,  82% used [0x00000000aaaa0000, 0x00000000b5c87468, 0x00000000b5c87600, 0x00000000b80f8000)
 Metaspace       used 121715K, committed 122368K, reserved 1179648K
  class space    used 15241K, committed 15552K, reserved 1048576K
}
Event: 116.149 GC heap after
{Heap after GC invocations=238 (full 8):
 def new generation   total 99008K, used 6407K [0x0000000080000000, 0x0000000086b60000, 0x00000000aaaa0000)
  eden space 88064K,   0% used [0x0000000080000000, 0x0000000080000000, 0x0000000085600000)
  from space 10944K,  58% used [0x0000000085600000, 0x0000000085c41e50, 0x00000000860b0000)
  to   space 10944K,   0% used [0x00000000860b0000, 0x00000000860b0000, 0x0000000086b60000)
 tenured generation   total 219488K, used 182972K [0x00000000aaaa0000, 0x00000000b80f8000, 0x0000000100000000)
   the space 219488K,  83% used [0x00000000aaaa0000, 0x00000000b5d4f250, 0x00000000b5d4f400, 0x00000000b80f8000)
 Metaspace       used 121715K, committed 122368K, reserved 1179648K
  class space    used 15241K, committed 15552K, reserved 1048576K
}
Event: 116.488 GC heap before
{Heap before GC invocations=238 (full 8):
 def new generation   total 99008K, used 94471K [0x0000000080000000, 0x0000000086b60000, 0x00000000aaaa0000)
  eden space 88064K, 100% used [0x0000000080000000, 0x0000000085600000, 0x0000000085600000)
  from space 10944K,  58% used [0x0000000085600000, 0x0000000085c41e50, 0x00000000860b0000)
  to   space 10944K,   0% used [0x00000000860b0000, 0x00000000860b0000, 0x0000000086b60000)
 tenured generation   total 219488K, used 182972K [0x00000000aaaa0000, 0x00000000b80f8000, 0x0000000100000000)
   the space 219488K,  83% used [0x00000000aaaa0000, 0x00000000b5d4f250, 0x00000000b5d4f400, 0x00000000b80f8000)
 Metaspace       used 121715K, committed 122368K, reserved 1179648K
  class space    used 15241K, committed 15552K, reserved 1048576K
}
Event: 116.497 GC heap after
{Heap after GC invocations=239 (full 8):
 def new generation   total 99008K, used 6224K [0x0000000080000000, 0x0000000086b60000, 0x00000000aaaa0000)
  eden space 88064K,   0% used [0x0000000080000000, 0x0000000080000000, 0x0000000085600000)
  from space 10944K,  56% used [0x00000000860b0000, 0x00000000866c43e0, 0x0000000086b60000)
  to   space 10944K,   0% used [0x0000000085600000, 0x0000000085600000, 0x00000000860b0000)
 tenured generation   total 219488K, used 184126K [0x00000000aaaa0000, 0x00000000b80f8000, 0x0000000100000000)
   the space 219488K,  83% used [0x00000000aaaa0000, 0x00000000b5e6fa78, 0x00000000b5e6fc00, 0x00000000b80f8000)
 Metaspace       used 121715K, committed 122368K, reserved 1179648K
  class space    used 15241K, committed 15552K, reserved 1048576K
}
Event: 116.816 GC heap before
{Heap before GC invocations=239 (full 8):
 def new generation   total 99008K, used 94288K [0x0000000080000000, 0x0000000086b60000, 0x00000000aaaa0000)
  eden space 88064K, 100% used [0x0000000080000000, 0x0000000085600000, 0x0000000085600000)
  from space 10944K,  56% used [0x00000000860b0000, 0x00000000866c43e0, 0x0000000086b60000)
  to   space 10944K,   0% used [0x0000000085600000, 0x0000000085600000, 0x00000000860b0000)
 tenured generation   total 219488K, used 184126K [0x00000000aaaa0000, 0x00000000b80f8000, 0x0000000100000000)
   the space 219488K,  83% used [0x00000000aaaa0000, 0x00000000b5e6fa78, 0x00000000b5e6fc00, 0x00000000b80f8000)
 Metaspace       used 121715K, committed 122368K, reserved 1179648K
  class space    used 15241K, committed 15552K, reserved 1048576K
}
Event: 116.828 GC heap after
{Heap after GC invocations=240 (full 8):
 def new generation   total 99008K, used 3043K [0x0000000080000000, 0x0000000086b60000, 0x00000000aaaa0000)
  eden space 88064K,   0% used [0x0000000080000000, 0x0000000080000000, 0x0000000085600000)
  from space 10944K,  27% used [0x0000000085600000, 0x00000000858f8f78, 0x00000000860b0000)
  to   space 10944K,   0% used [0x00000000860b0000, 0x00000000860b0000, 0x0000000086b60000)
 tenured generation   total 219488K, used 188301K [0x00000000aaaa0000, 0x00000000b80f8000, 0x0000000100000000)
   the space 219488K,  85% used [0x00000000aaaa0000, 0x00000000b6283488, 0x00000000b6283600, 0x00000000b80f8000)
 Metaspace       used 121715K, committed 122368K, reserved 1179648K
  class space    used 15241K, committed 15552K, reserved 1048576K
}
Event: 117.137 GC heap before
{Heap before GC invocations=240 (full 8):
 def new generation   total 99008K, used 91107K [0x0000000080000000, 0x0000000086b60000, 0x00000000aaaa0000)
  eden space 88064K, 100% used [0x0000000080000000, 0x0000000085600000, 0x0000000085600000)
  from space 10944K,  27% used [0x0000000085600000, 0x00000000858f8f78, 0x00000000860b0000)
  to   space 10944K,   0% used [0x00000000860b0000, 0x00000000860b0000, 0x0000000086b60000)
 tenured generation   total 219488K, used 188301K [0x00000000aaaa0000, 0x00000000b80f8000, 0x0000000100000000)
   the space 219488K,  85% used [0x00000000aaaa0000, 0x00000000b6283488, 0x00000000b6283600, 0x00000000b80f8000)
 Metaspace       used 121715K, committed 122368K, reserved 1179648K
  class space    used 15241K, committed 15552K, reserved 1048576K
}
Event: 117.150 GC heap after
{Heap after GC invocations=241 (full 8):
 def new generation   total 99008K, used 4141K [0x0000000080000000, 0x0000000086b60000, 0x00000000aaaa0000)
  eden space 88064K,   0% used [0x0000000080000000, 0x0000000080000000, 0x0000000085600000)
  from space 10944K,  37% used [0x00000000860b0000, 0x00000000864bb448, 0x0000000086b60000)
  to   space 10944K,   0% used [0x0000000085600000, 0x0000000085600000, 0x00000000860b0000)
 tenured generation   total 219488K, used 188301K [0x00000000aaaa0000, 0x00000000b80f8000, 0x0000000100000000)
   the space 219488K,  85% used [0x00000000aaaa0000, 0x00000000b6283488, 0x00000000b6283600, 0x00000000b80f8000)
 Metaspace       used 121715K, committed 122368K, reserved 1179648K
  class space    used 15241K, committed 15552K, reserved 1048576K
}
Event: 117.606 GC heap before
{Heap before GC invocations=241 (full 8):
 def new generation   total 99008K, used 92205K [0x0000000080000000, 0x0000000086b60000, 0x00000000aaaa0000)
  eden space 88064K, 100% used [0x0000000080000000, 0x0000000085600000, 0x0000000085600000)
  from space 10944K,  37% used [0x00000000860b0000, 0x00000000864bb448, 0x0000000086b60000)
  to   space 10944K,   0% used [0x0000000085600000, 0x0000000085600000, 0x00000000860b0000)
 tenured generation   total 219488K, used 188301K [0x00000000aaaa0000, 0x00000000b80f8000, 0x0000000100000000)
   the space 219488K,  85% used [0x00000000aaaa0000, 0x00000000b6283488, 0x00000000b6283600, 0x00000000b80f8000)
 Metaspace       used 121716K, committed 122368K, reserved 1179648K
  class space    used 15241K, committed 15552K, reserved 1048576K
}
Event: 117.611 GC heap after
{Heap after GC invocations=242 (full 8):
 def new generation   total 99008K, used 4204K [0x0000000080000000, 0x0000000086b60000, 0x00000000aaaa0000)
  eden space 88064K,   0% used [0x0000000080000000, 0x0000000080000000, 0x0000000085600000)
  from space 10944K,  38% used [0x0000000085600000, 0x0000000085a1b110, 0x00000000860b0000)
  to   space 10944K,   0% used [0x00000000860b0000, 0x00000000860b0000, 0x0000000086b60000)
 tenured generation   total 219488K, used 188301K [0x00000000aaaa0000, 0x00000000b80f8000, 0x0000000100000000)
   the space 219488K,  85% used [0x00000000aaaa0000, 0x00000000b6283488, 0x00000000b6283600, 0x00000000b80f8000)
 Metaspace       used 121716K, committed 122368K, reserved 1179648K
  class space    used 15241K, committed 15552K, reserved 1048576K
}
Event: 118.107 GC heap before
{Heap before GC invocations=242 (full 8):
 def new generation   total 99008K, used 92268K [0x0000000080000000, 0x0000000086b60000, 0x00000000aaaa0000)
  eden space 88064K, 100% used [0x0000000080000000, 0x0000000085600000, 0x0000000085600000)
  from space 10944K,  38% used [0x0000000085600000, 0x0000000085a1b110, 0x00000000860b0000)
  to   space 10944K,   0% used [0x00000000860b0000, 0x00000000860b0000, 0x0000000086b60000)
 tenured generation   total 219488K, used 188301K [0x00000000aaaa0000, 0x00000000b80f8000, 0x0000000100000000)
   the space 219488K,  85% used [0x00000000aaaa0000, 0x00000000b6283488, 0x00000000b6283600, 0x00000000b80f8000)
 Metaspace       used 121717K, committed 122368K, reserved 1179648K
  class space    used 15241K, committed 15552K, reserved 1048576K
}
Event: 118.113 GC heap after
{Heap after GC invocations=243 (full 8):
 def new generation   total 99008K, used 5277K [0x0000000080000000, 0x0000000086b60000, 0x00000000aaaa0000)
  eden space 88064K,   0% used [0x0000000080000000, 0x0000000080000000, 0x0000000085600000)
  from space 10944K,  48% used [0x00000000860b0000, 0x00000000865d7608, 0x0000000086b60000)
  to   space 10944K,   0% used [0x0000000085600000, 0x0000000085600000, 0x00000000860b0000)
 tenured generation   total 219488K, used 188301K [0x00000000aaaa0000, 0x00000000b80f8000, 0x0000000100000000)
   the space 219488K,  85% used [0x00000000aaaa0000, 0x00000000b6283488, 0x00000000b6283600, 0x00000000b80f8000)
 Metaspace       used 121717K, committed 122368K, reserved 1179648K
  class space    used 15241K, committed 15552K, reserved 1048576K
}
Event: 118.327 GC heap before
{Heap before GC invocations=243 (full 8):
 def new generation   total 99008K, used 93341K [0x0000000080000000, 0x0000000086b60000, 0x00000000aaaa0000)
  eden space 88064K, 100% used [0x0000000080000000, 0x0000000085600000, 0x0000000085600000)
  from space 10944K,  48% used [0x00000000860b0000, 0x00000000865d7608, 0x0000000086b60000)
  to   space 10944K,   0% used [0x0000000085600000, 0x0000000085600000, 0x00000000860b0000)
 tenured generation   total 219488K, used 188301K [0x00000000aaaa0000, 0x00000000b80f8000, 0x0000000100000000)
   the space 219488K,  85% used [0x00000000aaaa0000, 0x00000000b6283488, 0x00000000b6283600, 0x00000000b80f8000)
 Metaspace       used 121718K, committed 122368K, reserved 1179648K
  class space    used 15241K, committed 15552K, reserved 1048576K
}
Event: 118.332 GC heap after
{Heap after GC invocations=244 (full 8):
 def new generation   total 99008K, used 4217K [0x0000000080000000, 0x0000000086b60000, 0x00000000aaaa0000)
  eden space 88064K,   0% used [0x0000000080000000, 0x0000000080000000, 0x0000000085600000)
  from space 10944K,  38% used [0x0000000085600000, 0x0000000085a1e598, 0x00000000860b0000)
  to   space 10944K,   0% used [0x00000000860b0000, 0x00000000860b0000, 0x0000000086b60000)
 tenured generation   total 219488K, used 188301K [0x00000000aaaa0000, 0x00000000b80f8000, 0x0000000100000000)
   the space 219488K,  85% used [0x00000000aaaa0000, 0x00000000b6283488, 0x00000000b6283600, 0x00000000b80f8000)
 Metaspace       used 121718K, committed 122368K, reserved 1179648K
  class space    used 15241K, committed 15552K, reserved 1048576K
}
Event: 118.566 GC heap before
{Heap before GC invocations=244 (full 8):
 def new generation   total 99008K, used 92281K [0x0000000080000000, 0x0000000086b60000, 0x00000000aaaa0000)
  eden space 88064K, 100% used [0x0000000080000000, 0x0000000085600000, 0x0000000085600000)
  from space 10944K,  38% used [0x0000000085600000, 0x0000000085a1e598, 0x00000000860b0000)
  to   space 10944K,   0% used [0x00000000860b0000, 0x00000000860b0000, 0x0000000086b60000)
 tenured generation   total 219488K, used 188301K [0x00000000aaaa0000, 0x00000000b80f8000, 0x0000000100000000)
   the space 219488K,  85% used [0x00000000aaaa0000, 0x00000000b6283488, 0x00000000b6283600, 0x00000000b80f8000)
 Metaspace       used 121719K, committed 122368K, reserved 1179648K
  class space    used 15241K, committed 15552K, reserved 1048576K
}
Event: 118.570 GC heap after
{Heap after GC invocations=245 (full 8):
 def new generation   total 99008K, used 4131K [0x0000000080000000, 0x0000000086b60000, 0x00000000aaaa0000)
  eden space 88064K,   0% used [0x0000000080000000, 0x0000000080000000, 0x0000000085600000)
  from space 10944K,  37% used [0x00000000860b0000, 0x00000000864b8eb8, 0x0000000086b60000)
  to   space 10944K,   0% used [0x0000000085600000, 0x0000000085600000, 0x00000000860b0000)
 tenured generation   total 219488K, used 188301K [0x00000000aaaa0000, 0x00000000b80f8000, 0x0000000100000000)
   the space 219488K,  85% used [0x00000000aaaa0000, 0x00000000b6283488, 0x00000000b6283600, 0x00000000b80f8000)
 Metaspace       used 121719K, committed 122368K, reserved 1179648K
  class space    used 15241K, committed 15552K, reserved 1048576K
}
Event: 119.122 GC heap before
{Heap before GC invocations=245 (full 8):
 def new generation   total 99008K, used 92195K [0x0000000080000000, 0x0000000086b60000, 0x00000000aaaa0000)
  eden space 88064K, 100% used [0x0000000080000000, 0x0000000085600000, 0x0000000085600000)
  from space 10944K,  37% used [0x00000000860b0000, 0x00000000864b8eb8, 0x0000000086b60000)
  to   space 10944K,   0% used [0x0000000085600000, 0x0000000085600000, 0x00000000860b0000)
 tenured generation   total 219488K, used 188301K [0x00000000aaaa0000, 0x00000000b80f8000, 0x0000000100000000)
   the space 219488K,  85% used [0x00000000aaaa0000, 0x00000000b6283488, 0x00000000b6283600, 0x00000000b80f8000)
 Metaspace       used 121750K, committed 122368K, reserved 1179648K
  class space    used 15244K, committed 15552K, reserved 1048576K
}
Event: 119.130 GC heap after
{Heap after GC invocations=246 (full 8):
 def new generation   total 99008K, used 6717K [0x0000000080000000, 0x0000000086b60000, 0x00000000aaaa0000)
  eden space 88064K,   0% used [0x0000000080000000, 0x0000000080000000, 0x0000000085600000)
  from space 10944K,  61% used [0x0000000085600000, 0x0000000085c8f7d0, 0x00000000860b0000)
  to   space 10944K,   0% used [0x00000000860b0000, 0x00000000860b0000, 0x0000000086b60000)
 tenured generation   total 219488K, used 188301K [0x00000000aaaa0000, 0x00000000b80f8000, 0x0000000100000000)
   the space 219488K,  85% used [0x00000000aaaa0000, 0x00000000b6283488, 0x00000000b6283600, 0x00000000b80f8000)
 Metaspace       used 121750K, committed 122368K, reserved 1179648K
  class space    used 15244K, committed 15552K, reserved 1048576K
}
Event: 122.772 GC heap before
{Heap before GC invocations=246 (full 8):
 def new generation   total 99008K, used 94781K [0x0000000080000000, 0x0000000086b60000, 0x00000000aaaa0000)
  eden space 88064K, 100% used [0x0000000080000000, 0x0000000085600000, 0x0000000085600000)
  from space 10944K,  61% used [0x0000000085600000, 0x0000000085c8f7d0, 0x00000000860b0000)
  to   space 10944K,   0% used [0x00000000860b0000, 0x00000000860b0000, 0x0000000086b60000)
 tenured generation   total 219488K, used 188301K [0x00000000aaaa0000, 0x00000000b80f8000, 0x0000000100000000)
   the space 219488K,  85% used [0x00000000aaaa0000, 0x00000000b6283488, 0x00000000b6283600, 0x00000000b80f8000)
 Metaspace       used 128201K, committed 128896K, reserved 1179648K
  class space    used 16084K, committed 16384K, reserved 1048576K
}
Event: 122.875 GC heap after
{Heap after GC invocations=247 (full 8):
 def new generation   total 99008K, used 10944K [0x0000000080000000, 0x0000000086b60000, 0x00000000aaaa0000)
  eden space 88064K,   0% used [0x0000000080000000, 0x0000000080000000, 0x0000000085600000)
  from space 10944K, 100% used [0x00000000860b0000, 0x0000000086b60000, 0x0000000086b60000)
  to   space 10944K,   0% used [0x0000000085600000, 0x0000000085600000, 0x00000000860b0000)
 tenured generation   total 219488K, used 199751K [0x00000000aaaa0000, 0x00000000b80f8000, 0x0000000100000000)
   the space 219488K,  91% used [0x00000000aaaa0000, 0x00000000b6db1cb8, 0x00000000b6db1e00, 0x00000000b80f8000)
 Metaspace       used 128201K, committed 128896K, reserved 1179648K
  class space    used 16084K, committed 16384K, reserved 1048576K
}

