# JRE version: OpenJDK Runtime Environment (17.0.20.1+1) (build 17.0.20.1+1-1-deb12u1-Debian)
# Java VM: OpenJDK 64-Bit Server VM (17.0.20.1+1-1-deb12u1-Debian, mixed mode, sharing, tiered, compressed oops, compressed class ptrs, serial gc, linux-amd64)
GC Precious Log:
 CPUs: 2 total, 2 available
 Memory: 1024M
 Large Page Support: Disabled
 NUMA Support: Disabled
 Compressed Oops: Enabled (32-bit)
 Heap Min Capacity: 8M
 Heap Initial Capacity: 16M
 Heap Max Capacity: 700M
 Pre-touch: Disabled
Heap:
 def new generation   total 100224K, used 67277K [0x00000000d4400000, 0x00000000db0b0000, 0x00000000e2d50000)
  eden space 89152K,  63% used [0x00000000d4400000, 0x00000000d7ae3570, 0x00000000d9b10000)
  from space 11072K, 100% used [0x00000000da5e0000, 0x00000000db0b0000, 0x00000000db0b0000)
  to   space 11072K,   0% used [0x00000000d9b10000, 0x00000000d9b10000, 0x00000000da5e0000)
 tenured generation   total 222276K, used 156622K [0x00000000e2d50000, 0x00000000f0661000, 0x0000000100000000)
   the space 222276K,  70% used [0x00000000e2d50000, 0x00000000ec643a08, 0x00000000ec643c00, 0x00000000f0661000)
 Metaspace       used 159142K, committed 160064K, reserved 524288K
  class space    used 20656K, committed 21120K, reserved 327680K
GC Heap History (20 events):
Event: 54.543 GC heap before
{Heap before GC invocations=76 (full 7):
 def new generation   total 100224K, used 95385K [0x00000000d4400000, 0x00000000db0b0000, 0x00000000e2d50000)
  eden space 89152K, 100% used [0x00000000d4400000, 0x00000000d9b10000, 0x00000000d9b10000)
  from space 11072K,  56% used [0x00000000da5e0000, 0x00000000dabf6540, 0x00000000db0b0000)
  to   space 11072K,   0% used [0x00000000d9b10000, 0x00000000d9b10000, 0x00000000da5e0000)
 tenured generation   total 222276K, used 133364K [0x00000000e2d50000, 0x00000000f0661000, 0x0000000100000000)
   the space 222276K,  59% used [0x00000000e2d50000, 0x00000000eaf8d378, 0x00000000eaf8d400, 0x00000000f0661000)
 Metaspace       used 155127K, committed 155904K, reserved 524288K
  class space    used 20318K, committed 20672K, reserved 327680K
}
Event: 54.562 GC heap after
{Heap after GC invocations=77 (full 7):
 def new generation   total 100224K, used 1281K [0x00000000d4400000, 0x00000000db0b0000, 0x00000000e2d50000)
  eden space 89152K,   0% used [0x00000000d4400000, 0x00000000d4400000, 0x00000000d9b10000)
  from space 11072K,  11% used [0x00000000d9b10000, 0x00000000d9c507d8, 0x00000000da5e0000)
  to   space 11072K,   0% used [0x00000000da5e0000, 0x00000000da5e0000, 0x00000000db0b0000)
 tenured generation   total 222276K, used 138443K [0x00000000e2d50000, 0x00000000f0661000, 0x0000000100000000)
   the space 222276K,  62% used [0x00000000e2d50000, 0x00000000eb482d28, 0x00000000eb482e00, 0x00000000f0661000)
 Metaspace       used 155127K, committed 155904K, reserved 524288K
  class space    used 20318K, committed 20672K, reserved 327680K
}
Event: 57.402 GC heap before
{Heap before GC invocations=77 (full 7):
 def new generation   total 100224K, used 90433K [0x00000000d4400000, 0x00000000db0b0000, 0x00000000e2d50000)
  eden space 89152K, 100% used [0x00000000d4400000, 0x00000000d9b10000, 0x00000000d9b10000)
  from space 11072K,  11% used [0x00000000d9b10000, 0x00000000d9c507d8, 0x00000000da5e0000)
  to   space 11072K,   0% used [0x00000000da5e0000, 0x00000000da5e0000, 0x00000000db0b0000)
 tenured generation   total 222276K, used 138443K [0x00000000e2d50000, 0x00000000f0661000, 0x0000000100000000)
   the space 222276K,  62% used [0x00000000e2d50000, 0x00000000eb482d28, 0x00000000eb482e00, 0x00000000f0661000)
 Metaspace       used 155222K, committed 156096K, reserved 524288K
  class space    used 20322K, committed 20736K, reserved 327680K
}
Event: 57.425 GC heap after
{Heap after GC invocations=78 (full 7):
 def new generation   total 100224K, used 2766K [0x00000000d4400000, 0x00000000db0b0000, 0x00000000e2d50000)
  eden space 89152K,   0% used [0x00000000d4400000, 0x00000000d4400000, 0x00000000d9b10000)
  from space 11072K,  24% used [0x00000000da5e0000, 0x00000000da893818, 0x00000000db0b0000)
  to   space 11072K,   0% used [0x00000000d9b10000, 0x00000000d9b10000, 0x00000000da5e0000)
 tenured generation   total 222276K, used 138443K [0x00000000e2d50000, 0x00000000f0661000, 0x0000000100000000)
   the space 222276K,  62% used [0x00000000e2d50000, 0x00000000eb482d28, 0x00000000eb482e00, 0x00000000f0661000)
 Metaspace       used 155222K, committed 156096K, reserved 524288K
  class space    used 20322K, committed 20736K, reserved 327680K
}
Event: 58.671 GC heap before
{Heap before GC invocations=78 (full 7):
 def new generation   total 100224K, used 91918K [0x00000000d4400000, 0x00000000db0b0000, 0x00000000e2d50000)
  eden space 89152K, 100% used [0x00000000d4400000, 0x00000000d9b10000, 0x00000000d9b10000)
  from space 11072K,  24% used [0x00000000da5e0000, 0x00000000da893818, 0x00000000db0b0000)
  to   space 11072K,   0% used [0x00000000d9b10000, 0x00000000d9b10000, 0x00000000da5e0000)
 tenured generation   total 222276K, used 138443K [0x00000000e2d50000, 0x00000000f0661000, 0x0000000100000000)
   the space 222276K,  62% used [0x00000000e2d50000, 0x00000000eb482d28, 0x00000000eb482e00, 0x00000000f0661000)
 Metaspace       used 155226K, committed 156160K, reserved 524288K
  class space    used 20323K, committed 20800K, reserved 327680K
}
Event: 58.686 GC heap after
{Heap after GC invocations=79 (full 7):
 def new generation   total 100224K, used 3332K [0x00000000d4400000, 0x00000000db0b0000, 0x00000000e2d50000)
  eden space 89152K,   0% used [0x00000000d4400000, 0x00000000d4400000, 0x00000000d9b10000)
  from space 11072K,  30% used [0x00000000d9b10000, 0x00000000d9e51248, 0x00000000da5e0000)
  to   space 11072K,   0% used [0x00000000da5e0000, 0x00000000da5e0000, 0x00000000db0b0000)
 tenured generation   total 222276K, used 138443K [0x00000000e2d50000, 0x00000000f0661000, 0x0000000100000000)
   the space 222276K,  62% used [0x00000000e2d50000, 0x00000000eb482d28, 0x00000000eb482e00, 0x00000000f0661000)
 Metaspace       used 155226K, committed 156160K, reserved 524288K
  class space    used 20323K, committed 20800K, reserved 327680K
}
Event: 59.038 GC heap before
{Heap before GC invocations=79 (full 7):
 def new generation   total 100224K, used 92484K [0x00000000d4400000, 0x00000000db0b0000, 0x00000000e2d50000)
  eden space 89152K, 100% used [0x00000000d4400000, 0x00000000d9b10000, 0x00000000d9b10000)
  from space 11072K,  30% used [0x00000000d9b10000, 0x00000000d9e51248, 0x00000000da5e0000)
  to   space 11072K,   0% used [0x00000000da5e0000, 0x00000000da5e0000, 0x00000000db0b0000)
 tenured generation   total 222276K, used 138443K [0x00000000e2d50000, 0x00000000f0661000, 0x0000000100000000)
   the space 222276K,  62% used [0x00000000e2d50000, 0x00000000eb482d28, 0x00000000eb482e00, 0x00000000f0661000)
 Metaspace       used 155226K, committed 156160K, reserved 524288K
  class space    used 20323K, committed 20800K, reserved 327680K
}
Event: 59.049 GC heap after
{Heap after GC invocations=80 (full 7):
 def new generation   total 100224K, used 4152K [0x00000000d4400000, 0x00000000db0b0000, 0x00000000e2d50000)
  eden space 89152K,   0% used [0x00000000d4400000, 0x00000000d4400000, 0x00000000d9b10000)
  from space 11072K,  37% used [0x00000000da5e0000, 0x00000000da9ee250, 0x00000000db0b0000)
  to   space 11072K,   0% used [0x00000000d9b10000, 0x00000000d9b10000, 0x00000000da5e0000)
 tenured generation   total 222276K, used 138443K [0x00000000e2d50000, 0x00000000f0661000, 0x0000000100000000)
   the space 222276K,  62% used [0x00000000e2d50000, 0x00000000eb482d28, 0x00000000eb482e00, 0x00000000f0661000)
 Metaspace       used 155226K, committed 156160K, reserved 524288K
  class space    used 20323K, committed 20800K, reserved 327680K
}
Event: 59.771 GC heap before
{Heap before GC invocations=80 (full 7):
 def new generation   total 100224K, used 93304K [0x00000000d4400000, 0x00000000db0b0000, 0x00000000e2d50000)
  eden space 89152K, 100% used [0x00000000d4400000, 0x00000000d9b10000, 0x00000000d9b10000)
  from space 11072K,  37% used [0x00000000da5e0000, 0x00000000da9ee250, 0x00000000db0b0000)
  to   space 11072K,   0% used [0x00000000d9b10000, 0x00000000d9b10000, 0x00000000da5e0000)
 tenured generation   total 222276K, used 138443K [0x00000000e2d50000, 0x00000000f0661000, 0x0000000100000000)
   the space 222276K,  62% used [0x00000000e2d50000, 0x00000000eb482d28, 0x00000000eb482e00, 0x00000000f0661000)
 Metaspace       used 155235K, committed 156160K, reserved 524288K
  class space    used 20323K, committed 20800K, reserved 327680K
}
Event: 59.784 GC heap after
{Heap after GC invocations=81 (full 7):
 def new generation   total 100224K, used 1912K [0x00000000d4400000, 0x00000000db0b0000, 0x00000000e2d50000)
  eden space 89152K,   0% used [0x00000000d4400000, 0x00000000d4400000, 0x00000000d9b10000)
  from space 11072K,  17% used [0x00000000d9b10000, 0x00000000d9cee210, 0x00000000da5e0000)
  to   space 11072K,   0% used [0x00000000da5e0000, 0x00000000da5e0000, 0x00000000db0b0000)
 tenured generation   total 222276K, used 138443K [0x00000000e2d50000, 0x00000000f0661000, 0x0000000100000000)
   the space 222276K,  62% used [0x00000000e2d50000, 0x00000000eb482d28, 0x00000000eb482e00, 0x00000000f0661000)
 Metaspace       used 155235K, committed 156160K, reserved 524288K
  class space    used 20323K, committed 20800K, reserved 327680K
}
Event: 60.569 GC heap before
{Heap before GC invocations=81 (full 7):
 def new generation   total 100224K, used 91064K [0x00000000d4400000, 0x00000000db0b0000, 0x00000000e2d50000)
  eden space 89152K, 100% used [0x00000000d4400000, 0x00000000d9b10000, 0x00000000d9b10000)
  from space 11072K,  17% used [0x00000000d9b10000, 0x00000000d9cee210, 0x00000000da5e0000)
  to   space 11072K,   0% used [0x00000000da5e0000, 0x00000000da5e0000, 0x00000000db0b0000)
 tenured generation   total 222276K, used 138443K [0x00000000e2d50000, 0x00000000f0661000, 0x0000000100000000)
   the space 222276K,  62% used [0x00000000e2d50000, 0x00000000eb482d28, 0x00000000eb482e00, 0x00000000f0661000)
 Metaspace       used 155238K, committed 156160K, reserved 524288K
  class space    used 20323K, committed 20800K, reserved 327680K
}
Event: 60.578 GC heap after
{Heap after GC invocations=82 (full 7):
 def new generation   total 100224K, used 2546K [0x00000000d4400000, 0x00000000db0b0000, 0x00000000e2d50000)
  eden space 89152K,   0% used [0x00000000d4400000, 0x00000000d4400000, 0x00000000d9b10000)
  from space 11072K,  22% used [0x00000000da5e0000, 0x00000000da85c820, 0x00000000db0b0000)
  to   space 11072K,   0% used [0x00000000d9b10000, 0x00000000d9b10000, 0x00000000da5e0000)
 tenured generation   total 222276K, used 138443K [0x00000000e2d50000, 0x00000000f0661000, 0x0000000100000000)
   the space 222276K,  62% used [0x00000000e2d50000, 0x00000000eb482d28, 0x00000000eb482e00, 0x00000000f0661000)
 Metaspace       used 155238K, committed 156160K, reserved 524288K
  class space    used 20323K, committed 20800K, reserved 327680K
}
Event: 61.841 GC heap before
{Heap before GC invocations=82 (full 7):
 def new generation   total 100224K, used 91698K [0x00000000d4400000, 0x00000000db0b0000, 0x00000000e2d50000)
  eden space 89152K, 100% used [0x00000000d4400000, 0x00000000d9b10000, 0x00000000d9b10000)
  from space 11072K,  22% used [0x00000000da5e0000, 0x00000000da85c820, 0x00000000db0b0000)
  to   space 11072K,   0% used [0x00000000d9b10000, 0x00000000d9b10000, 0x00000000da5e0000)
 tenured generation   total 222276K, used 138443K [0x00000000e2d50000, 0x00000000f0661000, 0x0000000100000000)
   the space 222276K,  62% used [0x00000000e2d50000, 0x00000000eb482d28, 0x00000000eb482e00, 0x00000000f0661000)
 Metaspace       used 155280K, committed 156224K, reserved 524288K
  class space    used 20323K, committed 20800K, reserved 327680K
}
Event: 61.849 GC heap after
{Heap after GC invocations=83 (full 7):
 def new generation   total 100224K, used 2604K [0x00000000d4400000, 0x00000000db0b0000, 0x00000000e2d50000)
  eden space 89152K,   0% used [0x00000000d4400000, 0x00000000d4400000, 0x00000000d9b10000)
  from space 11072K,  23% used [0x00000000d9b10000, 0x00000000d9d9b238, 0x00000000da5e0000)
  to   space 11072K,   0% used [0x00000000da5e0000, 0x00000000da5e0000, 0x00000000db0b0000)
 tenured generation   total 222276K, used 138443K [0x00000000e2d50000, 0x00000000f0661000, 0x0000000100000000)
   the space 222276K,  62% used [0x00000000e2d50000, 0x00000000eb482d28, 0x00000000eb482e00, 0x00000000f0661000)
 Metaspace       used 155280K, committed 156224K, reserved 524288K
  class space    used 20323K, committed 20800K, reserved 327680K
}
Event: 65.691 GC heap before
{Heap before GC invocations=83 (full 7):
 def new generation   total 100224K, used 91756K [0x00000000d4400000, 0x00000000db0b0000, 0x00000000e2d50000)
  eden space 89152K, 100% used [0x00000000d4400000, 0x00000000d9b10000, 0x00000000d9b10000)
  from space 11072K,  23% used [0x00000000d9b10000, 0x00000000d9d9b238, 0x00000000da5e0000)
  to   space 11072K,   0% used [0x00000000da5e0000, 0x00000000da5e0000, 0x00000000db0b0000)
 tenured generation   total 222276K, used 138443K [0x00000000e2d50000, 0x00000000f0661000, 0x0000000100000000)
   the space 222276K,  62% used [0x00000000e2d50000, 0x00000000eb482d28, 0x00000000eb482e00, 0x00000000f0661000)
 Metaspace       used 155339K, committed 156288K, reserved 524288K
  class space    used 20323K, committed 20800K, reserved 327680K
}
Event: 65.704 GC heap after
{Heap after GC invocations=84 (full 7):
 def new generation   total 100224K, used 2763K [0x00000000d4400000, 0x00000000db0b0000, 0x00000000e2d50000)
  eden space 89152K,   0% used [0x00000000d4400000, 0x00000000d4400000, 0x00000000d9b10000)
  from space 11072K,  24% used [0x00000000da5e0000, 0x00000000da892f28, 0x00000000db0b0000)
  to   space 11072K,   0% used [0x00000000d9b10000, 0x00000000d9b10000, 0x00000000da5e0000)
 tenured generation   total 222276K, used 138443K [0x00000000e2d50000, 0x00000000f0661000, 0x0000000100000000)
   the space 222276K,  62% used [0x00000000e2d50000, 0x00000000eb482d28, 0x00000000eb482e00, 0x00000000f0661000)
 Metaspace       used 155339K, committed 156288K, reserved 524288K
  class space    used 20323K, committed 20800K, reserved 327680K
}
Event: 71.877 GC heap before
{Heap before GC invocations=84 (full 7):
 def new generation   total 100224K, used 91915K [0x00000000d4400000, 0x00000000db0b0000, 0x00000000e2d50000)
  eden space 89152K, 100% used [0x00000000d4400000, 0x00000000d9b10000, 0x00000000d9b10000)
  from space 11072K,  24% used [0x00000000da5e0000, 0x00000000da892f28, 0x00000000db0b0000)
  to   space 11072K,   0% used [0x00000000d9b10000, 0x00000000d9b10000, 0x00000000da5e0000)
 tenured generation   total 222276K, used 138443K [0x00000000e2d50000, 0x00000000f0661000, 0x0000000100000000)
   the space 222276K,  62% used [0x00000000e2d50000, 0x00000000eb482d28, 0x00000000eb482e00, 0x00000000f0661000)
 Metaspace       used 157929K, committed 158912K, reserved 524288K
  class space    used 20571K, committed 21056K, reserved 327680K
}
Event: 71.913 GC heap after
{Heap after GC invocations=85 (full 7):
 def new generation   total 100224K, used 7505K [0x00000000d4400000, 0x00000000db0b0000, 0x00000000e2d50000)
  eden space 89152K,   0% used [0x00000000d4400000, 0x00000000d4400000, 0x00000000d9b10000)
  from space 11072K,  67% used [0x00000000d9b10000, 0x00000000da2644a0, 0x00000000da5e0000)
  to   space 11072K,   0% used [0x00000000da5e0000, 0x00000000da5e0000, 0x00000000db0b0000)
 tenured generation   total 222276K, used 138443K [0x00000000e2d50000, 0x00000000f0661000, 0x0000000100000000)
   the space 222276K,  62% used [0x00000000e2d50000, 0x00000000eb482d28, 0x00000000eb482e00, 0x00000000f0661000)
 Metaspace       used 157929K, committed 158912K, reserved 524288K
  class space    used 20571K, committed 21056K, reserved 327680K
}
Event: 74.237 GC heap before
{Heap before GC invocations=85 (full 7):
 def new generation   total 100224K, used 96644K [0x00000000d4400000, 0x00000000db0b0000, 0x00000000e2d50000)
  eden space 89152K,  99% used [0x00000000d4400000, 0x00000000d9b0ce88, 0x00000000d9b10000)
  from space 11072K,  67% used [0x00000000d9b10000, 0x00000000da2644a0, 0x00000000da5e0000)
  to   space 11072K,   0% used [0x00000000da5e0000, 0x00000000da5e0000, 0x00000000db0b0000)
 tenured generation   total 222276K, used 138443K [0x00000000e2d50000, 0x00000000f0661000, 0x0000000100000000)
   the space 222276K,  62% used [0x00000000e2d50000, 0x00000000eb482d28, 0x00000000eb482e00, 0x00000000f0661000)
 Metaspace       used 158592K, committed 159488K, reserved 524288K
  class space    used 20615K, committed 21056K, reserved 327680K
}
Event: 74.983 GC heap after
{Heap after GC invocations=86 (full 7):
 def new generation   total 100224K, used 11072K [0x00000000d4400000, 0x00000000db0b0000, 0x00000000e2d50000)
  eden space 89152K,   0% used [0x00000000d4400000, 0x00000000d4400000, 0x00000000d9b10000)
  from space 11072K, 100% used [0x00000000da5e0000, 0x00000000db0b0000, 0x00000000db0b0000)
  to   space 11072K,   0% used [0x00000000d9b10000, 0x00000000d9b10000, 0x00000000da5e0000)
 tenured generation   total 222276K, used 156622K [0x00000000e2d50000, 0x00000000f0661000, 0x0000000100000000)
   the space 222276K,  70% used [0x00000000e2d50000, 0x00000000ec643a08, 0x00000000ec643c00, 0x00000000f0661000)
 Metaspace       used 158592K, committed 159488K, reserved 524288K
  class space    used 20615K, committed 21056K, reserved 327680K
}

